2023-10-16 14:04:49 DEBUG RestartClassLoader:85 - Created RestartClassLoader org.springframework.boot.devtools.restart.classloader.RestartClassLoader@2c86c47d
2023-10-16 14:04:49 TRACE SpringFactoriesLoader:103 - Loaded [org.springframework.boot.logging.LoggingSystemFactory] names: [org.springframework.boot.logging.logback.LogbackLoggingSystem.Factory, org.springframework.boot.logging.log4j2.Log4J2LoggingSystem.Factory, org.springframework.boot.logging.java.JavaLoggingSystem.Factory]
2023-10-16 14:04:50 INFO  AirlineSpringAPI:55 - Starting AirlineSpringAPI using Java 1.8.0_291 on DESKTOP-DRMHG43 with PID 6404 (C:\Users\Quentin\Documents\Revature\AirlineSpringAPI\target\classes started by Quentin in C:\Users\Quentin\Documents\Revature\AirlineSpringAPI)
2023-10-16 14:04:50 DEBUG AirlineSpringAPI:56 - Running with Spring Boot v2.7.16, Spring v5.3.30
2023-10-16 14:04:50 INFO  AirlineSpringAPI:631 - No active profile set, falling back to 1 default profile: "default"
2023-10-16 14:04:50 INFO  DevToolsPropertyDefaultsPostProcessor:255 - Devtools property defaults active! Set 'spring.devtools.add-properties' to 'false' to disable
2023-10-16 14:04:50 INFO  DevToolsPropertyDefaultsPostProcessor:255 - For additional web related logging consider setting the 'logging.level.web' property to 'DEBUG'
2023-10-16 14:04:52 WARN  AnnotationConfigReactiveWebServerApplicationContext:591 - Exception encountered during context initialization - cancelling refresh attempt: org.springframework.beans.factory.support.BeanDefinitionOverrideException: Invalid bean definition with name 'routerFunction' defined in class path resource [com/revature/controllers/UserRouter.class]: Cannot register bean definition [Root bean: class [null]; scope=; abstract=false; lazyInit=null; autowireMode=3; dependencyCheck=0; autowireCandidate=true; primary=false; factoryBeanName=userRouter; factoryMethodName=routerFunction; initMethodName=null; destroyMethodName=(inferred); defined in class path resource [com/revature/controllers/UserRouter.class]] for bean 'routerFunction': There is already [Root bean: class [null]; scope=; abstract=false; lazyInit=null; autowireMode=3; dependencyCheck=0; autowireCandidate=true; primary=false; factoryBeanName=flightRouter; factoryMethodName=routerFunction; initMethodName=null; destroyMethodName=(inferred); defined in class path resource [com/revature/controllers/FlightRouter.class]] bound.
2023-10-16 14:04:52 INFO  ConditionEvaluationReportLoggingListener:136 - 

Error starting ApplicationContext. To display the conditions report re-run your application with 'debug' enabled.
2023-10-16 14:04:52 ERROR LoggingFailureAnalysisReporter:40 - 

***************************
APPLICATION FAILED TO START
***************************

Description:

The bean 'routerFunction', defined in class path resource [com/revature/controllers/UserRouter.class], could not be registered. A bean with that name has already been defined in class path resource [com/revature/controllers/FlightRouter.class] and overriding is disabled.

Action:

Consider renaming one of the beans or enabling overriding by setting spring.main.allow-bean-definition-overriding=true

2023-10-16 14:12:06 DEBUG RestartClassLoader:85 - Created RestartClassLoader org.springframework.boot.devtools.restart.classloader.RestartClassLoader@1230143c
2023-10-16 14:12:06 TRACE SpringFactoriesLoader:103 - Loaded [org.springframework.boot.logging.LoggingSystemFactory] names: [org.springframework.boot.logging.logback.LogbackLoggingSystem.Factory, org.springframework.boot.logging.log4j2.Log4J2LoggingSystem.Factory, org.springframework.boot.logging.java.JavaLoggingSystem.Factory]
2023-10-16 14:12:06 INFO  AirlineSpringAPI:55 - Starting AirlineSpringAPI using Java 1.8.0_291 on DESKTOP-DRMHG43 with PID 5800 (C:\Users\Quentin\Documents\Revature\AirlineSpringAPI\target\classes started by Quentin in C:\Users\Quentin\Documents\Revature\AirlineSpringAPI)
2023-10-16 14:12:06 DEBUG AirlineSpringAPI:56 - Running with Spring Boot v2.7.16, Spring v5.3.30
2023-10-16 14:12:06 INFO  AirlineSpringAPI:631 - No active profile set, falling back to 1 default profile: "default"
2023-10-16 14:12:06 INFO  DevToolsPropertyDefaultsPostProcessor:255 - Devtools property defaults active! Set 'spring.devtools.add-properties' to 'false' to disable
2023-10-16 14:12:06 INFO  DevToolsPropertyDefaultsPostProcessor:255 - For additional web related logging consider setting the 'logging.level.web' property to 'DEBUG'
2023-10-16 14:12:07 WARN  AnnotationConfigReactiveWebServerApplicationContext:591 - Exception encountered during context initialization - cancelling refresh attempt: org.springframework.beans.factory.support.BeanDefinitionOverrideException: Invalid bean definition with name 'flightRouter' defined in class path resource [com/revature/controllers/FlightRouter.class]: Cannot register bean definition [Root bean: class [null]; scope=; abstract=false; lazyInit=null; autowireMode=3; dependencyCheck=0; autowireCandidate=true; primary=false; factoryBeanName=flightRouter; factoryMethodName=flightRouter; initMethodName=null; destroyMethodName=(inferred); defined in class path resource [com/revature/controllers/FlightRouter.class]] for bean 'flightRouter': There is already [Generic bean: class [com.revature.controllers.FlightRouter]; scope=singleton; abstract=false; lazyInit=null; autowireMode=0; dependencyCheck=0; autowireCandidate=true; primary=false; factoryBeanName=null; factoryMethodName=null; initMethodName=null; destroyMethodName=null; defined in file [C:\Users\Quentin\Documents\Revature\AirlineSpringAPI\target\classes\com\revature\controllers\FlightRouter.class]] bound.
2023-10-16 14:12:07 INFO  ConditionEvaluationReportLoggingListener:136 - 

Error starting ApplicationContext. To display the conditions report re-run your application with 'debug' enabled.
2023-10-16 14:12:07 ERROR LoggingFailureAnalysisReporter:40 - 

***************************
APPLICATION FAILED TO START
***************************

Description:

The bean 'flightRouter', defined in class path resource [com/revature/controllers/FlightRouter.class], could not be registered. A bean with that name has already been defined in file [C:\Users\Quentin\Documents\Revature\AirlineSpringAPI\target\classes\com\revature\controllers\FlightRouter.class] and overriding is disabled.

Action:

Consider renaming one of the beans or enabling overriding by setting spring.main.allow-bean-definition-overriding=true

2023-10-16 14:13:04 DEBUG RestartClassLoader:85 - Created RestartClassLoader org.springframework.boot.devtools.restart.classloader.RestartClassLoader@1230143c
2023-10-16 14:13:04 TRACE SpringFactoriesLoader:103 - Loaded [org.springframework.boot.logging.LoggingSystemFactory] names: [org.springframework.boot.logging.logback.LogbackLoggingSystem.Factory, org.springframework.boot.logging.log4j2.Log4J2LoggingSystem.Factory, org.springframework.boot.logging.java.JavaLoggingSystem.Factory]
2023-10-16 14:13:05 INFO  AirlineSpringAPI:55 - Starting AirlineSpringAPI using Java 1.8.0_291 on DESKTOP-DRMHG43 with PID 7344 (C:\Users\Quentin\Documents\Revature\AirlineSpringAPI\target\classes started by Quentin in C:\Users\Quentin\Documents\Revature\AirlineSpringAPI)
2023-10-16 14:13:05 DEBUG AirlineSpringAPI:56 - Running with Spring Boot v2.7.16, Spring v5.3.30
2023-10-16 14:13:05 INFO  AirlineSpringAPI:631 - No active profile set, falling back to 1 default profile: "default"
2023-10-16 14:13:05 INFO  DevToolsPropertyDefaultsPostProcessor:255 - Devtools property defaults active! Set 'spring.devtools.add-properties' to 'false' to disable
2023-10-16 14:13:05 INFO  DevToolsPropertyDefaultsPostProcessor:255 - For additional web related logging consider setting the 'logging.level.web' property to 'DEBUG'
2023-10-16 14:13:06 INFO  RepositoryConfigurationDelegate:132 - Bootstrapping Spring Data Reactive Cassandra repositories in DEFAULT mode.
2023-10-16 14:13:06 INFO  RepositoryConfigurationDelegate:201 - Finished Spring Data repository scanning in 389 ms. Found 2 Reactive Cassandra repository interfaces.
2023-10-16 14:13:07 INFO  RepositoryConfigurationDelegate:132 - Bootstrapping Spring Data Cassandra repositories in DEFAULT mode.
2023-10-16 14:13:07 INFO  RepositoryConfigurationDelegate:201 - Finished Spring Data repository scanning in 11 ms. Found 0 Cassandra repository interfaces.
2023-10-16 14:13:08 DEBUG Loggers:254 - Using Slf4j logging framework
2023-10-16 14:13:08 TRACE CassandraUtil:32 - Establishing connection with Cassandra
2023-10-16 14:13:16 DEBUG InternalLoggerFactory:59 - Using SLF4J as the default logging framework
2023-10-16 14:13:17 INFO  OptionalLiveReloadServer:59 - LiveReload server is running on port 35729
2023-10-16 14:13:17 DEBUG Mappings:131 - Mapped (GET && /airline/users) -> com.revature.controllers.UserRouter$$Lambda$1043/1139426238@38c82f3a
(GET && /airline/users/{username}) -> com.revature.controllers.UserRouter$$Lambda$1049/939705004@57e4cf53
(POST && /airline/users) -> com.revature.controllers.UserRouter$$Lambda$1050/1870913156@1d18ba8d
(POST && /airline/users/login) -> com.revature.controllers.UserRouter$$Lambda$1051/1181401395@4a5aef22
(POST && /airline/users/logout) -> com.revature.controllers.UserRouter$$Lambda$1052/1307905705@3312b8ac
(PUT && /airline/users/{username}) -> com.revature.controllers.UserRouter$$Lambda$1053/1674359321@427d77ca
(DELETE && /airline/users/{username}) -> com.revature.controllers.UserRouter$$Lambda$1054/306853658@1a6971da
2023-10-16 14:13:17 DEBUG Mappings:167 - 'resourceHandlerMapping' {/webjars/**=ResourceWebHandler [classpath [META-INF/resources/webjars/]], /**=ResourceWebHandler [classpath [META-INF/resources/], classpath [resources/], classpath [static/], classpath [public/]]}
2023-10-16 14:13:18 INFO  EndpointLinksResolver:58 - Exposing 5 endpoint(s) beneath base path '/actuator'
2023-10-16 14:13:18 INFO  NettyWebServer:111 - Netty started on port 8080
2023-10-16 14:13:18 INFO  AirlineSpringAPI:61 - Started AirlineSpringAPI in 14.124 seconds (JVM running for 15.794)
2023-10-16 14:20:31 DEBUG RestartClassLoader:85 - Created RestartClassLoader org.springframework.boot.devtools.restart.classloader.RestartClassLoader@44f43688
2023-10-16 14:20:31 TRACE SpringFactoriesLoader:103 - Loaded [org.springframework.boot.logging.LoggingSystemFactory] names: [org.springframework.boot.logging.logback.LogbackLoggingSystem.Factory, org.springframework.boot.logging.log4j2.Log4J2LoggingSystem.Factory, org.springframework.boot.logging.java.JavaLoggingSystem.Factory]
2023-10-16 14:20:31 INFO  AirlineSpringAPI:55 - Starting AirlineSpringAPI using Java 1.8.0_291 on DESKTOP-DRMHG43 with PID 11136 (C:\Users\Quentin\Documents\Revature\AirlineSpringAPI\target\classes started by Quentin in C:\Users\Quentin\Documents\Revature\AirlineSpringAPI)
2023-10-16 14:20:31 DEBUG AirlineSpringAPI:56 - Running with Spring Boot v2.7.16, Spring v5.3.30
2023-10-16 14:20:31 INFO  AirlineSpringAPI:631 - No active profile set, falling back to 1 default profile: "default"
2023-10-16 14:20:31 INFO  DevToolsPropertyDefaultsPostProcessor:255 - Devtools property defaults active! Set 'spring.devtools.add-properties' to 'false' to disable
2023-10-16 14:20:31 INFO  DevToolsPropertyDefaultsPostProcessor:255 - For additional web related logging consider setting the 'logging.level.web' property to 'DEBUG'
2023-10-16 14:20:33 WARN  AnnotationConfigReactiveWebServerApplicationContext:591 - Exception encountered during context initialization - cancelling refresh attempt: org.springframework.beans.factory.support.BeanDefinitionOverrideException: Invalid bean definition with name 'userRouter' defined in class path resource [com/revature/controllers/UserRouter.class]: Cannot register bean definition [Root bean: class [null]; scope=; abstract=false; lazyInit=null; autowireMode=3; dependencyCheck=0; autowireCandidate=true; primary=false; factoryBeanName=userRouter; factoryMethodName=userRouter; initMethodName=null; destroyMethodName=(inferred); defined in class path resource [com/revature/controllers/UserRouter.class]] for bean 'userRouter': There is already [Generic bean: class [com.revature.controllers.UserRouter]; scope=singleton; abstract=false; lazyInit=null; autowireMode=0; dependencyCheck=0; autowireCandidate=true; primary=false; factoryBeanName=null; factoryMethodName=null; initMethodName=null; destroyMethodName=null; defined in file [C:\Users\Quentin\Documents\Revature\AirlineSpringAPI\target\classes\com\revature\controllers\UserRouter.class]] bound.
2023-10-16 14:20:33 INFO  ConditionEvaluationReportLoggingListener:136 - 

Error starting ApplicationContext. To display the conditions report re-run your application with 'debug' enabled.
2023-10-16 14:20:33 ERROR LoggingFailureAnalysisReporter:40 - 

***************************
APPLICATION FAILED TO START
***************************

Description:

The bean 'userRouter', defined in class path resource [com/revature/controllers/UserRouter.class], could not be registered. A bean with that name has already been defined in file [C:\Users\Quentin\Documents\Revature\AirlineSpringAPI\target\classes\com\revature\controllers\UserRouter.class] and overriding is disabled.

Action:

Consider renaming one of the beans or enabling overriding by setting spring.main.allow-bean-definition-overriding=true

2023-10-16 14:21:18 DEBUG RestartClassLoader:85 - Created RestartClassLoader org.springframework.boot.devtools.restart.classloader.RestartClassLoader@4c9f5588
2023-10-16 14:21:19 TRACE SpringFactoriesLoader:103 - Loaded [org.springframework.boot.logging.LoggingSystemFactory] names: [org.springframework.boot.logging.logback.LogbackLoggingSystem.Factory, org.springframework.boot.logging.log4j2.Log4J2LoggingSystem.Factory, org.springframework.boot.logging.java.JavaLoggingSystem.Factory]
2023-10-16 14:21:19 INFO  AirlineSpringAPI:55 - Starting AirlineSpringAPI using Java 1.8.0_291 on DESKTOP-DRMHG43 with PID 13568 (C:\Users\Quentin\Documents\Revature\AirlineSpringAPI\target\classes started by Quentin in C:\Users\Quentin\Documents\Revature\AirlineSpringAPI)
2023-10-16 14:21:19 DEBUG AirlineSpringAPI:56 - Running with Spring Boot v2.7.16, Spring v5.3.30
2023-10-16 14:21:19 INFO  AirlineSpringAPI:631 - No active profile set, falling back to 1 default profile: "default"
2023-10-16 14:21:19 INFO  DevToolsPropertyDefaultsPostProcessor:255 - Devtools property defaults active! Set 'spring.devtools.add-properties' to 'false' to disable
2023-10-16 14:21:19 INFO  DevToolsPropertyDefaultsPostProcessor:255 - For additional web related logging consider setting the 'logging.level.web' property to 'DEBUG'
2023-10-16 14:21:21 INFO  RepositoryConfigurationDelegate:132 - Bootstrapping Spring Data Reactive Cassandra repositories in DEFAULT mode.
2023-10-16 14:21:21 INFO  RepositoryConfigurationDelegate:201 - Finished Spring Data repository scanning in 302 ms. Found 2 Reactive Cassandra repository interfaces.
2023-10-16 14:21:22 INFO  RepositoryConfigurationDelegate:132 - Bootstrapping Spring Data Cassandra repositories in DEFAULT mode.
2023-10-16 14:21:22 INFO  RepositoryConfigurationDelegate:201 - Finished Spring Data repository scanning in 7 ms. Found 0 Cassandra repository interfaces.
2023-10-16 14:21:22 DEBUG Loggers:254 - Using Slf4j logging framework
2023-10-16 14:21:23 TRACE CassandraUtil:32 - Establishing connection with Cassandra
2023-10-16 14:21:34 DEBUG InternalLoggerFactory:59 - Using SLF4J as the default logging framework
2023-10-16 14:21:34 INFO  OptionalLiveReloadServer:59 - LiveReload server is running on port 35729
2023-10-16 14:21:35 DEBUG Mappings:131 - Mapped (GET && /airline/users) -> com.revature.controllers.UserRouter$$Lambda$1044/2103159376@17088df5
(GET && /airline/users/{username}) -> com.revature.controllers.UserRouter$$Lambda$1050/1832993980@389865af
(POST && /airline/users) -> com.revature.controllers.UserRouter$$Lambda$1051/1459785832@4d45997e
(POST && /airline/users/login) -> com.revature.controllers.UserRouter$$Lambda$1052/1853674616@3e8f5c02
(POST && /airline/users/logout) -> com.revature.controllers.UserRouter$$Lambda$1053/1837837480@6d3b1903
(PUT && /airline/users/{username}) -> com.revature.controllers.UserRouter$$Lambda$1054/168354049@1675ac16
(DELETE && /airline/users/{username}) -> com.revature.controllers.UserRouter$$Lambda$1055/1229627896@771a49cf
2023-10-16 14:21:35 DEBUG Mappings:167 - 'resourceHandlerMapping' {/webjars/**=ResourceWebHandler [classpath [META-INF/resources/webjars/]], /**=ResourceWebHandler [classpath [META-INF/resources/], classpath [resources/], classpath [static/], classpath [public/]]}
2023-10-16 14:21:36 INFO  EndpointLinksResolver:58 - Exposing 5 endpoint(s) beneath base path '/actuator'
2023-10-16 14:21:36 INFO  NettyWebServer:111 - Netty started on port 8080
2023-10-16 14:21:36 INFO  AirlineSpringAPI:61 - Started AirlineSpringAPI in 17.419 seconds (JVM running for 19.252)
2023-10-16 14:22:16 DEBUG RestartClassLoader:85 - Created RestartClassLoader org.springframework.boot.devtools.restart.classloader.RestartClassLoader@4c9f5588
2023-10-16 14:22:16 TRACE SpringFactoriesLoader:103 - Loaded [org.springframework.boot.logging.LoggingSystemFactory] names: [org.springframework.boot.logging.logback.LogbackLoggingSystem.Factory, org.springframework.boot.logging.log4j2.Log4J2LoggingSystem.Factory, org.springframework.boot.logging.java.JavaLoggingSystem.Factory]
2023-10-16 14:22:17 INFO  AirlineSpringAPI:55 - Starting AirlineSpringAPI using Java 1.8.0_291 on DESKTOP-DRMHG43 with PID 5580 (C:\Users\Quentin\Documents\Revature\AirlineSpringAPI\target\classes started by Quentin in C:\Users\Quentin\Documents\Revature\AirlineSpringAPI)
2023-10-16 14:22:17 DEBUG AirlineSpringAPI:56 - Running with Spring Boot v2.7.16, Spring v5.3.30
2023-10-16 14:22:17 INFO  AirlineSpringAPI:631 - No active profile set, falling back to 1 default profile: "default"
2023-10-16 14:22:17 INFO  DevToolsPropertyDefaultsPostProcessor:255 - Devtools property defaults active! Set 'spring.devtools.add-properties' to 'false' to disable
2023-10-16 14:22:17 INFO  DevToolsPropertyDefaultsPostProcessor:255 - For additional web related logging consider setting the 'logging.level.web' property to 'DEBUG'
2023-10-16 14:22:19 INFO  RepositoryConfigurationDelegate:132 - Bootstrapping Spring Data Reactive Cassandra repositories in DEFAULT mode.
2023-10-16 14:22:19 INFO  RepositoryConfigurationDelegate:201 - Finished Spring Data repository scanning in 341 ms. Found 2 Reactive Cassandra repository interfaces.
2023-10-16 14:22:20 INFO  RepositoryConfigurationDelegate:132 - Bootstrapping Spring Data Cassandra repositories in DEFAULT mode.
2023-10-16 14:22:20 INFO  RepositoryConfigurationDelegate:201 - Finished Spring Data repository scanning in 6 ms. Found 0 Cassandra repository interfaces.
2023-10-16 14:22:20 DEBUG Loggers:254 - Using Slf4j logging framework
2023-10-16 14:22:20 TRACE CassandraUtil:32 - Establishing connection with Cassandra
2023-10-16 14:22:32 DEBUG InternalLoggerFactory:59 - Using SLF4J as the default logging framework
2023-10-16 14:22:32 INFO  OptionalLiveReloadServer:59 - LiveReload server is running on port 35729
2023-10-16 14:22:33 DEBUG Mappings:131 - Mapped (POST && /flights) -> com.revature.controllers.FlightRouter$$Lambda$1058/446727728@771a49cf
(GET && /flights) -> com.revature.controllers.FlightRouter$$Lambda$1064/1598869865@33317462
(GET && /flights/{origin}/{airline}/{flightNumber}) -> com.revature.controllers.FlightRouter$$Lambda$1065/1685909790@6f79006
(GET && /flights) -> com.revature.controllers.FlightRouter$$Lambda$1066/1832993980@3d5989d2
(GET && /flights/{origin}) -> com.revature.controllers.FlightRouter$$Lambda$1067/1459785832@1828eb87
2023-10-16 14:22:33 DEBUG Mappings:131 - Mapped (GET && /airline/users) -> com.revature.controllers.UserRouter$$Lambda$1068/940183050@20821e84
(GET && /airline/users/{username}) -> com.revature.controllers.UserRouter$$Lambda$1069/609430930@1acfcd32
(POST && /airline/users) -> com.revature.controllers.UserRouter$$Lambda$1070/242852398@6b29c0a0
(POST && /airline/users/login) -> com.revature.controllers.UserRouter$$Lambda$1071/1153337234@34027a91
(POST && /airline/users/logout) -> com.revature.controllers.UserRouter$$Lambda$1072/749517649@44424ab
(PUT && /airline/users/{username}) -> com.revature.controllers.UserRouter$$Lambda$1073/288238827@6086cf4c
(DELETE && /airline/users/{username}) -> com.revature.controllers.UserRouter$$Lambda$1074/1384485938@450f3f3c
2023-10-16 14:22:33 DEBUG Mappings:167 - 'resourceHandlerMapping' {/webjars/**=ResourceWebHandler [classpath [META-INF/resources/webjars/]], /**=ResourceWebHandler [classpath [META-INF/resources/], classpath [resources/], classpath [static/], classpath [public/]]}
2023-10-16 14:22:33 INFO  EndpointLinksResolver:58 - Exposing 5 endpoint(s) beneath base path '/actuator'
2023-10-16 14:22:33 INFO  NettyWebServer:111 - Netty started on port 8080
2023-10-16 14:22:33 INFO  AirlineSpringAPI:61 - Started AirlineSpringAPI in 17.045 seconds (JVM running for 18.895)
2023-10-16 14:32:29 DEBUG RestartClassLoader:85 - Created RestartClassLoader org.springframework.boot.devtools.restart.classloader.RestartClassLoader@6e87f787
2023-10-16 14:32:29 TRACE SpringFactoriesLoader:103 - Loaded [org.springframework.boot.logging.LoggingSystemFactory] names: [org.springframework.boot.logging.logback.LogbackLoggingSystem.Factory, org.springframework.boot.logging.log4j2.Log4J2LoggingSystem.Factory, org.springframework.boot.logging.java.JavaLoggingSystem.Factory]
2023-10-16 14:32:30 INFO  AirlineSpringAPI:55 - Starting AirlineSpringAPI using Java 1.8.0_291 on DESKTOP-DRMHG43 with PID 15228 (C:\Users\Quentin\Documents\Revature\AirlineSpringAPI\target\classes started by Quentin in C:\Users\Quentin\Documents\Revature\AirlineSpringAPI)
2023-10-16 14:32:30 DEBUG AirlineSpringAPI:56 - Running with Spring Boot v2.7.16, Spring v5.3.30
2023-10-16 14:32:30 INFO  AirlineSpringAPI:631 - No active profile set, falling back to 1 default profile: "default"
2023-10-16 14:32:30 INFO  DevToolsPropertyDefaultsPostProcessor:255 - Devtools property defaults active! Set 'spring.devtools.add-properties' to 'false' to disable
2023-10-16 14:32:30 INFO  DevToolsPropertyDefaultsPostProcessor:255 - For additional web related logging consider setting the 'logging.level.web' property to 'DEBUG'
2023-10-16 14:32:31 INFO  RepositoryConfigurationDelegate:132 - Bootstrapping Spring Data Reactive Cassandra repositories in DEFAULT mode.
2023-10-16 14:32:31 INFO  RepositoryConfigurationDelegate:201 - Finished Spring Data repository scanning in 342 ms. Found 2 Reactive Cassandra repository interfaces.
2023-10-16 14:32:32 INFO  RepositoryConfigurationDelegate:132 - Bootstrapping Spring Data Cassandra repositories in DEFAULT mode.
2023-10-16 14:32:32 INFO  RepositoryConfigurationDelegate:201 - Finished Spring Data repository scanning in 11 ms. Found 0 Cassandra repository interfaces.
2023-10-16 14:32:32 DEBUG Loggers:254 - Using Slf4j logging framework
2023-10-16 14:32:33 TRACE CassandraUtil:32 - Establishing connection with Cassandra
2023-10-16 14:32:42 DEBUG InternalLoggerFactory:59 - Using SLF4J as the default logging framework
2023-10-16 14:32:42 INFO  OptionalLiveReloadServer:59 - LiveReload server is running on port 35729
2023-10-16 14:32:43 DEBUG Mappings:131 - Mapped (POST && /flights) -> com.revature.controllers.FlightRouter$$Lambda$1044/496705781@3ba88981
(GET && /flights) -> com.revature.controllers.FlightRouter$$Lambda$1055/487631800@2e27d834
(GET && /flights/{origin}/{airline}/{flightNumber}) -> com.revature.controllers.FlightRouter$$Lambda$1056/1299351572@11de11e2
(GET && /flights) -> com.revature.controllers.FlightRouter$$Lambda$1057/1095379275@41ce0aed
(GET && /flights/{origin}) -> com.revature.controllers.FlightRouter$$Lambda$1058/1762634956@3ed577d4
2023-10-16 14:32:43 DEBUG Mappings:131 - Mapped (GET && /airline/users) -> com.revature.controllers.UserRouter$$Lambda$1067/448296442@2ea3ee42
(GET && /airline/users/{username}) -> com.revature.controllers.UserRouter$$Lambda$1068/1417830257@4f13ab75
(POST && /airline/users) -> com.revature.controllers.UserRouter$$Lambda$1069/190920046@7e3b5918
(POST && /airline/users/login) -> com.revature.controllers.UserRouter$$Lambda$1070/333423782@6bc5fadc
(POST && /airline/users/logout) -> com.revature.controllers.UserRouter$$Lambda$1071/1251021954@5aa5d818
(PUT && /airline/users/{username}) -> com.revature.controllers.UserRouter$$Lambda$1072/212775798@83f883a
(DELETE && /airline/users/{username}) -> com.revature.controllers.UserRouter$$Lambda$1073/249970120@2ce8e3bc
2023-10-16 14:32:43 DEBUG Mappings:167 - 'resourceHandlerMapping' {/webjars/**=ResourceWebHandler [classpath [META-INF/resources/webjars/]], /**=ResourceWebHandler [classpath [META-INF/resources/], classpath [resources/], classpath [static/], classpath [public/]]}
2023-10-16 14:32:43 INFO  EndpointLinksResolver:58 - Exposing 5 endpoint(s) beneath base path '/actuator'
2023-10-16 14:32:44 INFO  NettyWebServer:111 - Netty started on port 8080
2023-10-16 14:32:44 INFO  AirlineSpringAPI:61 - Started AirlineSpringAPI in 14.952 seconds (JVM running for 16.678)
2023-10-16 14:41:29 DEBUG RestartClassLoader:85 - Created RestartClassLoader org.springframework.boot.devtools.restart.classloader.RestartClassLoader@44f43688
2023-10-16 14:41:29 TRACE SpringFactoriesLoader:103 - Loaded [org.springframework.boot.logging.LoggingSystemFactory] names: [org.springframework.boot.logging.logback.LogbackLoggingSystem.Factory, org.springframework.boot.logging.log4j2.Log4J2LoggingSystem.Factory, org.springframework.boot.logging.java.JavaLoggingSystem.Factory]
2023-10-16 14:41:30 INFO  AirlineSpringAPI:55 - Starting AirlineSpringAPI using Java 1.8.0_291 on DESKTOP-DRMHG43 with PID 12460 (C:\Users\Quentin\Documents\Revature\AirlineSpringAPI\target\classes started by Quentin in C:\Users\Quentin\Documents\Revature\AirlineSpringAPI)
2023-10-16 14:41:30 DEBUG AirlineSpringAPI:56 - Running with Spring Boot v2.7.16, Spring v5.3.30
2023-10-16 14:41:30 INFO  AirlineSpringAPI:631 - No active profile set, falling back to 1 default profile: "default"
2023-10-16 14:41:30 INFO  DevToolsPropertyDefaultsPostProcessor:255 - Devtools property defaults active! Set 'spring.devtools.add-properties' to 'false' to disable
2023-10-16 14:41:30 INFO  DevToolsPropertyDefaultsPostProcessor:255 - For additional web related logging consider setting the 'logging.level.web' property to 'DEBUG'
2023-10-16 14:41:31 INFO  RepositoryConfigurationDelegate:132 - Bootstrapping Spring Data Reactive Cassandra repositories in DEFAULT mode.
2023-10-16 14:41:32 INFO  RepositoryConfigurationDelegate:201 - Finished Spring Data repository scanning in 769 ms. Found 2 Reactive Cassandra repository interfaces.
2023-10-16 14:41:32 INFO  RepositoryConfigurationDelegate:132 - Bootstrapping Spring Data Cassandra repositories in DEFAULT mode.
2023-10-16 14:41:32 INFO  RepositoryConfigurationDelegate:201 - Finished Spring Data repository scanning in 20 ms. Found 0 Cassandra repository interfaces.
2023-10-16 14:41:33 DEBUG Loggers:254 - Using Slf4j logging framework
2023-10-16 14:41:34 TRACE CassandraUtil:32 - Establishing connection with Cassandra
2023-10-16 14:41:44 DEBUG InternalLoggerFactory:59 - Using SLF4J as the default logging framework
2023-10-16 14:41:44 INFO  OptionalLiveReloadServer:59 - LiveReload server is running on port 35729
2023-10-16 14:41:45 DEBUG Mappings:214 - 
	c.r.c.FlightRouter:
	
2023-10-16 14:41:45 DEBUG Mappings:214 - 
	c.r.c.UserRouter:
	
2023-10-16 14:41:45 DEBUG Mappings:131 - Mapped (POST && /flights) -> com.revature.controllers.FlightRouter$$Lambda$1044/1819265438@1ea3e5f8
(GET && /flights) -> com.revature.controllers.FlightRouter$$Lambda$1050/84379318@695b1940
(GET && /flights/{origin}/{airline}/{flightNumber}) -> com.revature.controllers.FlightRouter$$Lambda$1051/1620158315@53d08e7f
(GET && /flights) -> com.revature.controllers.FlightRouter$$Lambda$1052/1744155165@665c98b1
(GET && /flights/{origin}) -> com.revature.controllers.FlightRouter$$Lambda$1053/471530066@67512da7
2023-10-16 14:41:45 DEBUG Mappings:131 - Mapped (GET && /airline/users) -> com.revature.controllers.UserRouter$$Lambda$1054/1342563180@56f1a914
(GET && /airline/users/{username}) -> com.revature.controllers.UserRouter$$Lambda$1055/1218810337@10576c3
(POST && /airline/users) -> com.revature.controllers.UserRouter$$Lambda$1056/1926125244@39eff42
(POST && /airline/users/login) -> com.revature.controllers.UserRouter$$Lambda$1057/1958555575@6d4cd683
(POST && /airline/users/logout) -> com.revature.controllers.UserRouter$$Lambda$1058/190622927@362e7b37
(PUT && /airline/users/{username}) -> com.revature.controllers.UserRouter$$Lambda$1059/1871847132@1cb7a05f
(DELETE && /airline/users/{username}) -> com.revature.controllers.UserRouter$$Lambda$1060/1877593636@68272864
2023-10-16 14:41:45 DEBUG Mappings:167 - 'resourceHandlerMapping' {/webjars/**=ResourceWebHandler [classpath [META-INF/resources/webjars/]], /**=ResourceWebHandler [classpath [META-INF/resources/], classpath [resources/], classpath [static/], classpath [public/]]}
2023-10-16 14:41:45 INFO  EndpointLinksResolver:58 - Exposing 5 endpoint(s) beneath base path '/actuator'
2023-10-16 14:41:45 INFO  NettyWebServer:111 - Netty started on port 8080
2023-10-16 14:41:46 INFO  AirlineSpringAPI:61 - Started AirlineSpringAPI in 16.954 seconds (JVM running for 19.146)
